<?xml version="1.0" encoding="UTF-8"?>
<!-- Generated by org.testng.reporters.JUnitXMLReporter -->
<testsuite ignored="0" hostname="DESKTOP-LFI4QP4" failures="0" tests="5" name="Surefire test" time="105.785" errors="0" timestamp="2022-03-21T20:12:28 IST">
  <testcase classname="com.fb.qa.testcases.HomePageTest" name="verifyClickOnProfile" time="13.573"/>
  <testcase classname="com.fb.qa.testcases.LoginPageTest" name="multipleLoginTest" time="3.379"/>
  <testcase classname="com.fb.qa.testcases.LoginPageTest" name="multipleLoginTest" time="3.293"/>
  <testcase classname="com.fb.qa.testcases.LoginPageTest" name="loginPageTitleTest" time="0.021"/>
  <testcase classname="com.fb.qa.testcases.ProfilePageTest" name="verifyClickOnFriends" time="17.532"/>
</testsuite> <!-- Surefire test -->
