<?xml version="1.0" encoding="UTF-8"?>
<!-- Generated by org.testng.reporters.JUnitXMLReporter -->
<testsuite ignored="0" hostname="DESKTOP-LFI4QP4" failures="0" tests="3" name="Default test" time="53.575" errors="0" timestamp="2022-03-21T18:36:43 IST">
  <testcase classname="com.fb.qa.testcases.LoginPageTest" name="multipleLoginTest" time="3.308"/>
  <testcase classname="com.fb.qa.testcases.LoginPageTest" name="multipleLoginTest" time="3.224"/>
  <testcase classname="com.fb.qa.testcases.LoginPageTest" name="loginPageTitleTest" time="0.006"/>
</testsuite> <!-- Default test -->
