<?xml version="1.0" encoding="UTF-8"?>
<!-- Generated by org.testng.reporters.JUnitXMLReporter -->
<testsuite ignored="0" hostname="DESKTOP-LFI4QP4" failures="0" tests="5" name="Test" time="105.148" errors="0" timestamp="2022-03-21T19:27:36 IST">
  <testcase classname="com.fb.qa.testcases.LoginPageTest" name="multipleLoginTest" time="3.465"/>
  <testcase classname="com.fb.qa.testcases.LoginPageTest" name="multipleLoginTest" time="3.388"/>
  <testcase classname="com.fb.qa.testcases.LoginPageTest" name="loginPageTitleTest" time="0.008"/>
  <testcase classname="com.fb.qa.testcases.ProfilePageTest" name="verifyClickOnFriends" time="17.17"/>
  <testcase classname="com.fb.qa.testcases.HomePageTest" name="verifyClickOnProfile" time="14.758"/>
</testsuite> <!-- Test -->
