<?xml version="1.0" encoding="UTF-8"?>
<testsuite xmlns:xsi="http://www.w3.org/2001/XMLSchema-instance" xsi:noNamespaceSchemaLocation="https://maven.apache.org/surefire/maven-surefire-plugin/xsd/surefire-test-report.xsd" name="TestSuite" time="106.574" tests="5" errors="0" skipped="0" failures="0">
  <properties>
[...]
</properties>
  <testcase name="verifyClickOnProfile" classname="com.fb.qa.testcases.HomePageTest" time="13.505"/>
  <testcase name="multipleLoginTest" classname="com.fb.qa.testcases.LoginPageTest" time="3.378"/>
  <testcase name="multipleLoginTest" classname="com.fb.qa.testcases.LoginPageTest" time="3.293"/>
  <testcase name="loginPageTitleTest" classname="com.fb.qa.testcases.LoginPageTest" time="0.019"/>
  <testcase name="verifyClickOnFriends" classname="com.fb.qa.testcases.ProfilePageTest" time="17.535"/>
</testsuite>