<?xml version="1.0" encoding="UTF-8"?>
<testng-results ignored="0" total="5" passed="5" failed="0" skipped="0">
  <reporter-output>
  </reporter-output>
  <suite started-at="2022-03-21T20:10:43 IST" name="Surefire suite" finished-at="2022-03-21T20:12:28 IST" duration-ms="105785">
    <groups>
    </groups>
    <test started-at="2022-03-21T20:10:43 IST" name="Surefire test" finished-at="2022-03-21T20:12:28 IST" duration-ms="105785">
      <class name="com.fb.qa.testcases.HomePageTest">
        <test-method is-config="true" signature="setUp()[pri:0, instance:com.fb.qa.testcases.HomePageTest@57db2b13]" started-at="2022-03-21T20:10:43 IST" name="setUp" finished-at="2022-03-21T20:10:49 IST" duration-ms="6272" status="PASS">
          <reporter-output>
          </reporter-output>
        </test-method> <!-- setUp -->
        <test-method signature="verifyClickOnProfile()[pri:0, instance:com.fb.qa.testcases.HomePageTest@57db2b13]" started-at="2022-03-21T20:10:49 IST" name="verifyClickOnProfile" finished-at="2022-03-21T20:11:03 IST" duration-ms="13573" status="PASS">
          <reporter-output>
          </reporter-output>
        </test-method> <!-- verifyClickOnProfile -->
        <test-method is-config="true" signature="tearDown()[pri:0, instance:com.fb.qa.testcases.HomePageTest@57db2b13]" started-at="2022-03-21T20:11:03 IST" name="tearDown" finished-at="2022-03-21T20:11:07 IST" duration-ms="4739" status="PASS">
          <reporter-output>
          </reporter-output>
        </test-method> <!-- tearDown -->
      </class> <!-- com.fb.qa.testcases.HomePageTest -->
      <class name="com.fb.qa.testcases.ProfilePageTest">
        <test-method is-config="true" signature="setUp()[pri:0, instance:com.fb.qa.testcases.ProfilePageTest@311bf055]" started-at="2022-03-21T20:12:01 IST" name="setUp" finished-at="2022-03-21T20:12:06 IST" duration-ms="4818" status="PASS">
          <reporter-output>
          </reporter-output>
        </test-method> <!-- setUp -->
        <test-method signature="verifyClickOnFriends()[pri:0, instance:com.fb.qa.testcases.ProfilePageTest@311bf055]" started-at="2022-03-21T20:12:06 IST" name="verifyClickOnFriends" finished-at="2022-03-21T20:12:24 IST" duration-ms="17532" status="PASS">
          <reporter-output>
          </reporter-output>
        </test-method> <!-- verifyClickOnFriends -->
        <test-method is-config="true" signature="tearDown()[pri:0, instance:com.fb.qa.testcases.ProfilePageTest@311bf055]" started-at="2022-03-21T20:12:24 IST" name="tearDown" finished-at="2022-03-21T20:12:28 IST" duration-ms="4788" status="PASS">
          <reporter-output>
          </reporter-output>
        </test-method> <!-- tearDown -->
      </class> <!-- com.fb.qa.testcases.ProfilePageTest -->
      <class name="com.fb.qa.testcases.LoginPageTest">
        <test-method is-config="true" signature="setUp()[pri:0, instance:com.fb.qa.testcases.LoginPageTest@6d5620ce]" started-at="2022-03-21T20:11:08 IST" name="setUp" finished-at="2022-03-21T20:11:13 IST" duration-ms="4800" status="PASS">
          <reporter-output>
          </reporter-output>
        </test-method> <!-- setUp -->
        <test-method signature="multipleLoginTest(java.lang.String,java.lang.String)[pri:0, instance:com.fb.qa.testcases.LoginPageTest@6d5620ce]" started-at="2022-03-21T20:11:13 IST" name="multipleLoginTest" data-provider="getLoginTestData" finished-at="2022-03-21T20:11:16 IST" duration-ms="3379" status="PASS">
          <params>
            <param index="0">
              <value>
                <![CDATA[vijju12@gmail.com]]>
              </value>
            </param>
            <param index="1">
              <value>
                <![CDATA[vijaya123]]>
              </value>
            </param>
          </params>
          <reporter-output>
          </reporter-output>
        </test-method> <!-- multipleLoginTest -->
        <test-method is-config="true" signature="tearDown()[pri:0, instance:com.fb.qa.testcases.LoginPageTest@6d5620ce]" started-at="2022-03-21T20:11:16 IST" name="tearDown" finished-at="2022-03-21T20:11:27 IST" duration-ms="10694" status="PASS">
          <reporter-output>
          </reporter-output>
        </test-method> <!-- tearDown -->
        <test-method is-config="true" signature="setUp()[pri:0, instance:com.fb.qa.testcases.LoginPageTest@6d5620ce]" started-at="2022-03-21T20:11:27 IST" name="setUp" finished-at="2022-03-21T20:11:32 IST" duration-ms="4915" status="PASS">
          <reporter-output>
          </reporter-output>
        </test-method> <!-- setUp -->
        <test-method signature="multipleLoginTest(java.lang.String,java.lang.String)[pri:0, instance:com.fb.qa.testcases.LoginPageTest@6d5620ce]" started-at="2022-03-21T20:11:32 IST" name="multipleLoginTest" data-provider="getLoginTestData" finished-at="2022-03-21T20:11:35 IST" duration-ms="3293" status="PASS">
          <params>
            <param index="0">
              <value>
                <![CDATA[vijayakadiyala.k@gmail.com]]>
              </value>
            </param>
            <param index="1">
              <value>
                <![CDATA[Vijju@1998]]>
              </value>
            </param>
          </params>
          <reporter-output>
          </reporter-output>
        </test-method> <!-- multipleLoginTest -->
        <test-method is-config="true" signature="tearDown()[pri:0, instance:com.fb.qa.testcases.LoginPageTest@6d5620ce]" started-at="2022-03-21T20:11:35 IST" name="tearDown" finished-at="2022-03-21T20:11:46 IST" duration-ms="10683" status="PASS">
          <reporter-output>
          </reporter-output>
        </test-method> <!-- tearDown -->
        <test-method is-config="true" signature="setUp()[pri:0, instance:com.fb.qa.testcases.LoginPageTest@6d5620ce]" started-at="2022-03-21T20:11:46 IST" name="setUp" finished-at="2022-03-21T20:11:50 IST" duration-ms="4863" status="PASS">
          <reporter-output>
          </reporter-output>
        </test-method> <!-- setUp -->
        <test-method signature="loginPageTitleTest()[pri:1, instance:com.fb.qa.testcases.LoginPageTest@6d5620ce]" started-at="2022-03-21T20:11:50 IST" name="loginPageTitleTest" finished-at="2022-03-21T20:11:51 IST" duration-ms="21" status="PASS">
          <reporter-output>
          </reporter-output>
        </test-method> <!-- loginPageTitleTest -->
        <test-method is-config="true" signature="tearDown()[pri:0, instance:com.fb.qa.testcases.LoginPageTest@6d5620ce]" started-at="2022-03-21T20:11:51 IST" name="tearDown" finished-at="2022-03-21T20:12:01 IST" duration-ms="10658" status="PASS">
          <reporter-output>
          </reporter-output>
        </test-method> <!-- tearDown -->
      </class> <!-- com.fb.qa.testcases.LoginPageTest -->
    </test> <!-- Surefire test -->
  </suite> <!-- Surefire suite -->
</testng-results>
